# JRE version: Java(TM) SE Runtime Environment (7.0_80-b15) (build 1.7.0_80-b15)
# Java VM: Java HotSpot(TM) 64-Bit Server VM (24.80-b11 mixed mode windows-amd64 compressed oops)
Heap
 PSYoungGen      total 306176K, used 1168K [0x00000000e5600000, 0x00000000fde00000, 0x0000000100000000)
  eden space 305664K, 0% used [0x00000000e5600000,0x00000000e5724380,0x00000000f8080000)
  from space 512K, 0% used [0x00000000f8080000,0x00000000f8080000,0x00000000f8100000)
  to   space 47104K, 0% used [0x00000000fb000000,0x00000000fb000000,0x00000000fde00000)
 ParOldGen       total 872448K, used 77328K [0x00000000b0200000, 0x00000000e5600000, 0x00000000e5600000)
  object space 872448K, 8% used [0x00000000b0200000,0x00000000b4d843a0,0x00000000e5600000)
 PSPermGen       total 83968K, used 83967K [0x00000000ab000000, 0x00000000b0200000, 0x00000000b0200000)
  object space 83968K, 99% used [0x00000000ab000000,0x00000000b01ffde8,0x00000000b0200000)
GC Heap History (10 events):
Event: 12400.383 GC heap before
{Heap before GC invocations=63 (full 16):
 PSYoungGen      total 358400K, used 64K [0x00000000e5600000, 0x00000000fe780000, 0x0000000100000000)
  eden space 303104K, 0% used [0x00000000e5600000,0x00000000e5600000,0x00000000f7e00000)
  from space 55296K, 0% used [0x00000000f7e00000,0x00000000f7e10000,0x00000000fb400000)
  to   space 52736K, 0% used [0x00000000fb400000,0x00000000fb400000,0x00000000fe780000)
 ParOldGen       total 872448K, used 77347K [0x00000000b0200000, 0x00000000e5600000, 0x00000000e5600000)
  object space 872448K, 8% used [0x00000000b0200000,0x00000000b4d88d30,0x00000000e5600000)
 PSPermGen       total 83968K, used 83967K [0x00000000ab000000, 0x00000000b0200000, 0x00000000b0200000)
  object space 83968K, 99% used [0x00000000ab000000,0x00000000b01fff50,0x00000000b0200000)
Event: 12400.880 GC heap after
Heap after GC invocations=63 (full 16):
 PSYoungGen      total 358400K, used 0K [0x00000000e5600000, 0x00000000fe780000, 0x0000000100000000)
  eden space 303104K, 0% used [0x00000000e5600000,0x00000000e5600000,0x00000000f7e00000)
  from space 55296K, 0% used [0x00000000f7e00000,0x00000000f7e00000,0x00000000fb400000)
  to   space 52736K, 0% used [0x00000000fb400000,0x00000000fb400000,0x00000000fe780000)
 ParOldGen       total 872448K, used 77329K [0x00000000b0200000, 0x00000000e5600000, 0x00000000e5600000)
  object space 872448K, 8% used [0x00000000b0200000,0x00000000b4d84508,0x00000000e5600000)
 PSPermGen       total 83968K, used 83909K [0x00000000ab000000, 0x00000000b0200000, 0x00000000b0200000)
  object space 83968K, 99% used [0x00000000ab000000,0x00000000b01f1518,0x00000000b0200000)
}
Event: 12400.910 GC heap before
{Heap before GC invocations=64 (full 16):
 PSYoungGen      total 358400K, used 3972K [0x00000000e5600000, 0x00000000fe780000, 0x0000000100000000)
  eden space 303104K, 1% used [0x00000000e5600000,0x00000000e59e10b8,0x00000000f7e00000)
  from space 55296K, 0% used [0x00000000f7e00000,0x00000000f7e00000,0x00000000fb400000)
  to   space 52736K, 0% used [0x00000000fb400000,0x00000000fb400000,0x00000000fe780000)
 ParOldGen       total 872448K, used 77329K [0x00000000b0200000, 0x00000000e5600000, 0x00000000e5600000)
  object space 872448K, 8% used [0x00000000b0200000,0x00000000b4d84508,0x00000000e5600000)
 PSPermGen       total 83968K, used 83967K [0x00000000ab000000, 0x00000000b0200000, 0x00000000b0200000)
  object space 83968K, 99% used [0x00000000ab000000,0x00000000b01ffe08,0x00000000b0200000)
Event: 12400.916 GC heap after
Heap after GC invocations=64 (full 16):
 PSYoungGen      total 353280K, used 32K [0x00000000e5600000, 0x00000000fe280000, 0x0000000100000000)
  eden space 305664K, 0% used [0x00000000e5600000,0x00000000e5600000,0x00000000f8080000)
  from space 47616K, 0% used [0x00000000fb400000,0x00000000fb408000,0x00000000fe280000)
  to   space 50176K, 0% used [0x00000000f8080000,0x00000000f8080000,0x00000000fb180000)
 ParOldGen       total 872448K, used 77329K [0x00000000b0200000, 0x00000000e5600000, 0x00000000e5600000)
  object space 872448K, 8% used [0x00000000b0200000,0x00000000b4d84508,0x00000000e5600000)
 PSPermGen       total 83968K, used 83967K [0x00000000ab000000, 0x00000000b0200000, 0x00000000b0200000)
  object space 83968K, 99% used [0x00000000ab000000,0x00000000b01ffe08,0x00000000b0200000)
}
Event: 12400.916 GC heap before
{Heap before GC invocations=65 (full 17):
 PSYoungGen      total 353280K, used 32K [0x00000000e5600000, 0x00000000fe280000, 0x0000000100000000)
  eden space 305664K, 0% used [0x00000000e5600000,0x00000000e5600000,0x00000000f8080000)
  from space 47616K, 0% used [0x00000000fb400000,0x00000000fb408000,0x00000000fe280000)
  to   space 50176K, 0% used [0x00000000f8080000,0x00000000f8080000,0x00000000fb180000)
 ParOldGen       total 872448K, used 77329K [0x00000000b0200000, 0x00000000e5600000, 0x00000000e5600000)
  object space 872448K, 8% used [0x00000000b0200000,0x00000000b4d84508,0x00000000e5600000)
 PSPermGen       total 83968K, used 83967K [0x00000000ab000000, 0x00000000b0200000, 0x00000000b0200000)
  object space 83968K, 99% used [0x00000000ab000000,0x00000000b01ffe08,0x00000000b0200000)
Event: 12401.662 GC heap after
Heap after GC invocations=65 (full 17):
 PSYoungGen      total 353280K, used 0K [0x00000000e5600000, 0x00000000fe280000, 0x0000000100000000)
  eden space 305664K, 0% used [0x00000000e5600000,0x00000000e5600000,0x00000000f8080000)
  from space 47616K, 0% used [0x00000000fb400000,0x00000000fb400000,0x00000000fe280000)
  to   space 50176K, 0% used [0x00000000f8080000,0x00000000f8080000,0x00000000fb180000)
 ParOldGen       total 872448K, used 77329K [0x00000000b0200000, 0x00000000e5600000, 0x00000000e5600000)
  object space 872448K, 8% used [0x00000000b0200000,0x00000000b4d84408,0x00000000e5600000)
 PSPermGen       total 83968K, used 83967K [0x00000000ab000000, 0x00000000b0200000, 0x00000000b0200000)
  object space 83968K, 99% used [0x00000000ab000000,0x00000000b01ffde8,0x00000000b0200000)
}
Event: 12401.662 GC heap before
{Heap before GC invocations=66 (full 17):
 PSYoungGen      total 353280K, used 0K [0x00000000e5600000, 0x00000000fe280000, 0x0000000100000000)
  eden space 305664K, 0% used [0x00000000e5600000,0x00000000e5600000,0x00000000f8080000)
  from space 47616K, 0% used [0x00000000fb400000,0x00000000fb400000,0x00000000fe280000)
  to   space 50176K, 0% used [0x00000000f8080000,0x00000000f8080000,0x00000000fb180000)
 ParOldGen       total 872448K, used 77329K [0x00000000b0200000, 0x00000000e5600000, 0x00000000e5600000)
  object space 872448K, 8% used [0x00000000b0200000,0x00000000b4d84408,0x00000000e5600000)
 PSPermGen       total 83968K, used 83967K [0x00000000ab000000, 0x00000000b0200000, 0x00000000b0200000)
  object space 83968K, 99% used [0x00000000ab000000,0x00000000b01ffde8,0x00000000b0200000)
Event: 12401.666 GC heap after
Heap after GC invocations=66 (full 17):
 PSYoungGen      total 306176K, used 0K [0x00000000e5600000, 0x00000000fde00000, 0x0000000100000000)
  eden space 305664K, 0% used [0x00000000e5600000,0x00000000e5600000,0x00000000f8080000)
  from space 512K, 0% used [0x00000000f8080000,0x00000000f8080000,0x00000000f8100000)
  to   space 47104K, 0% used [0x00000000fb000000,0x00000000fb000000,0x00000000fde00000)
 ParOldGen       total 872448K, used 77329K [0x00000000b0200000, 0x00000000e5600000, 0x00000000e5600000)
  object space 872448K, 8% used [0x00000000b0200000,0x00000000b4d84408,0x00000000e5600000)
 PSPermGen       total 83968K, used 83967K [0x00000000ab000000, 0x00000000b0200000, 0x00000000b0200000)
  object space 83968K, 99% used [0x00000000ab000000,0x00000000b01ffde8,0x00000000b0200000)
}
Event: 12401.667 GC heap before
{Heap before GC invocations=67 (full 18):
 PSYoungGen      total 306176K, used 0K [0x00000000e5600000, 0x00000000fde00000, 0x0000000100000000)
  eden space 305664K, 0% used [0x00000000e5600000,0x00000000e5600000,0x00000000f8080000)
  from space 512K, 0% used [0x00000000f8080000,0x00000000f8080000,0x00000000f8100000)
  to   space 47104K, 0% used [0x00000000fb000000,0x00000000fb000000,0x00000000fde00000)
 ParOldGen       total 872448K, used 77329K [0x00000000b0200000, 0x00000000e5600000, 0x00000000e5600000)
  object space 872448K, 8% used [0x00000000b0200000,0x00000000b4d84408,0x00000000e5600000)
 PSPermGen       total 83968K, used 83967K [0x00000000ab000000, 0x00000000b0200000, 0x00000000b0200000)
  object space 83968K, 99% used [0x00000000ab000000,0x00000000b01ffde8,0x00000000b0200000)
Event: 12401.956 GC heap after
Heap after GC invocations=67 (full 18):
 PSYoungGen      total 306176K, used 0K [0x00000000e5600000, 0x00000000fde00000, 0x0000000100000000)
  eden space 305664K, 0% used [0x00000000e5600000,0x00000000e5600000,0x00000000f8080000)
  from space 512K, 0% used [0x00000000f8080000,0x00000000f8080000,0x00000000f8100000)
  to   space 47104K, 0% used [0x00000000fb000000,0x00000000fb000000,0x00000000fde00000)
 ParOldGen       total 872448K, used 77328K [0x00000000b0200000, 0x00000000e5600000, 0x00000000e5600000)
  object space 872448K, 8% used [0x00000000b0200000,0x00000000b4d843a0,0x00000000e5600000)
 PSPermGen       total 83968K, used 83967K [0x00000000ab000000, 0x00000000b0200000, 0x00000000b0200000)
  object space 83968K, 99% used [0x00000000ab000000,0x00000000b01ffde8,0x00000000b0200000)
}

